line profiling: sample.interval=20000
"lapply" "sapply" "splitseq" "lapply" "sapply" "FUN" "lapply" "sapply" "t" "DNAbinToNucleotideCharacter" "ComputeStartingBranchLengths" "SelacLargeOptimize" 
"lapply" "sapply" "splitseq" "lapply" "sapply" "FUN" "lapply" "sapply" "t" "DNAbinToNucleotideCharacter" "ComputeStartingBranchLengths" "SelacLargeOptimize" 
"FUN" "lapply" "sapply" "splitseq" "lapply" "sapply" "FUN" "lapply" "sapply" "t" "DNAbinToNucleotideCharacter" "ComputeStartingBranchLengths" "SelacLargeOptimize" 
"paste" "c2s" "FUN" "lapply" "sapply" "splitseq" "lapply" "sapply" "FUN" "lapply" "sapply" "t" "DNAbinToNucleotideCharacter" "ComputeStartingBranchLengths" "SelacLargeOptimize" 
"paste" "c2s" "FUN" "lapply" "sapply" "splitseq" "lapply" "sapply" "FUN" "lapply" "sapply" "t" "DNAbinToNucleotideCharacter" "ComputeStartingBranchLengths" "SelacLargeOptimize" 
"paste" "c2s" "FUN" "lapply" "sapply" "splitseq" "lapply" "sapply" "FUN" "lapply" "sapply" "t" "DNAbinToNucleotideCharacter" "ComputeStartingBranchLengths" "SelacLargeOptimize" 
"paste" "c2s" "FUN" "lapply" "sapply" "splitseq" "lapply" "sapply" "FUN" "lapply" "sapply" "t" "DNAbinToNucleotideCharacter" "ComputeStartingBranchLengths" "SelacLargeOptimize" 
"sys.function" "formals" "match.arg" "sort.list" "factor" "as.factor" "as.data.frame.matrix" "as.data.frame" "data.frame" "cbind" "DNAbinToNucleotideCharacter" "ComputeStartingBranchLengths" "SelacLargeOptimize" 
"as.factor" "as.data.frame.matrix" "as.data.frame" "data.frame" "cbind" "DNAbinToNucleotideCharacter" "ComputeStartingBranchLengths" "SelacLargeOptimize" 
"match.arg" "sort.list" "factor" "as.factor" "as.data.frame.matrix" "as.data.frame" "data.frame" "cbind" "DNAbinToNucleotideCharacter" "ComputeStartingBranchLengths" "SelacLargeOptimize" 
"match" "factor" "as.factor" "as.data.frame.matrix" "as.data.frame" "data.frame" "cbind" "DNAbinToNucleotideCharacter" "ComputeStartingBranchLengths" "SelacLargeOptimize" 
"c" "factor" "as.factor" "as.data.frame.matrix" "as.data.frame" "ComputeStartingBranchLengths" "SelacLargeOptimize" 
"unique.default" "unique" "factor" "as.factor" "as.data.frame.matrix" "as.data.frame" "ComputeStartingBranchLengths" "SelacLargeOptimize" 
"is.factor" "as.factor" "as.data.frame.matrix" "as.data.frame" "ComputeStartingBranchLengths" "SelacLargeOptimize" 
"unique.default" "unique" "rbind" "rbind" "ComputeStartingBranchLengths" "SelacLargeOptimize" 
"unique" "rbind" "rbind" "ComputeStartingBranchLengths" "SelacLargeOptimize" 
"match" "factor" "rbind" "rbind" "ComputeStartingBranchLengths" "SelacLargeOptimize" 
"factor" "rbind" "rbind" "ComputeStartingBranchLengths" "SelacLargeOptimize" 
"names" "names" "rbind" "rbind" "ComputeStartingBranchLengths" "SelacLargeOptimize" 
"match" "[<-.factor" "[<-" "rbind" "rbind" "ComputeStartingBranchLengths" "SelacLargeOptimize" 
"match" "[<-.factor" "[<-" "rbind" "rbind" "ComputeStartingBranchLengths" "SelacLargeOptimize" 
"rbind" "rbind" "ComputeStartingBranchLengths" "SelacLargeOptimize" 
"as.matrix.data.frame" "as.matrix" "ComputeStartingBranchLengths" "SelacLargeOptimize" 
".Call" "s2c" "kronecker" "words" "which" "FUN" "lapply" "sapply" "FUN" "lapply" "sapply" "t" "DNAbinToCodonNumeric" "SelacLargeOptimize" 
"FUN" "outer" ".kronecker" "kronecker" "words" "which" "FUN" "lapply" "sapply" "FUN" "lapply" "sapply" "t" "DNAbinToCodonNumeric" "SelacLargeOptimize" 
"aperm.default" "aperm" ".kronecker" "kronecker" "words" "which" "FUN" "lapply" "sapply" "FUN" "lapply" "sapply" "t" "DNAbinToCodonNumeric" "SelacLargeOptimize" 
"matrix" "t" "as.vector" ".kronecker" "kronecker" "words" "which" "FUN" "lapply" "sapply" "FUN" "lapply" "sapply" "t" "DNAbinToCodonNumeric" "SelacLargeOptimize" 
"outer" ".kronecker" "kronecker" "words" "kronecker" "words" "which" "FUN" "lapply" "sapply" "FUN" "lapply" "sapply" "t" "DNAbinToCodonNumeric" "SelacLargeOptimize" 
"which" "FUN" "lapply" "sapply" "FUN" "lapply" "sapply" "t" "DNAbinToCodonNumeric" "SelacLargeOptimize" 
"outer" ".kronecker" "kronecker" "words" "which" "FUN" "lapply" "sapply" "FUN" "lapply" "sapply" "t" "DNAbinToCodonNumeric" "SelacLargeOptimize" 
"aperm.default" "aperm" ".kronecker" "kronecker" "words" "which" "FUN" "lapply" "sapply" "FUN" "lapply" "sapply" "t" "DNAbinToCodonNumeric" "SelacLargeOptimize" 
"lengths" "unique" "simplify2array" "sapply" "FUN" "lapply" "sapply" "t" "DNAbinToCodonNumeric" "SelacLargeOptimize" 
"FUN" "outer" ".kronecker" "kronecker" "words" "which" "FUN" "lapply" "sapply" "FUN" "lapply" "sapply" "t" "DNAbinToCodonNumeric" "SelacLargeOptimize" 
"FUN" "outer" ".kronecker" "kronecker" "words" "kronecker" "words" "which" "FUN" "lapply" "sapply" "FUN" "lapply" "sapply" "t" "DNAbinToCodonNumeric" "SelacLargeOptimize" 
"FUN" "outer" ".kronecker" "kronecker" "words" "which" "FUN" "lapply" "sapply" "FUN" "lapply" "sapply" "t" "DNAbinToCodonNumeric" "SelacLargeOptimize" 
"as.array" ".kronecker" "kronecker" "words" "which" "FUN" "lapply" "sapply" "FUN" "lapply" "sapply" "t" "DNAbinToCodonNumeric" "SelacLargeOptimize" 
"aperm.default" "aperm" ".kronecker" "kronecker" "words" "which" "FUN" "lapply" "sapply" "FUN" "lapply" "sapply" "t" "DNAbinToCodonNumeric" "SelacLargeOptimize" 
"FUN" "outer" ".kronecker" "kronecker" "words" "which" "FUN" "lapply" "sapply" "FUN" "lapply" "sapply" "t" "DNAbinToCodonNumeric" "SelacLargeOptimize" 
"kronecker" "words" "kronecker" "words" "which" "FUN" "lapply" "sapply" "FUN" "lapply" "sapply" "t" "DNAbinToCodonNumeric" "SelacLargeOptimize" 
"unique.default" "unique" "simplify2array" "sapply" "splitseq" "lapply" "sapply" "FUN" "lapply" "sapply" "t" "DNAbinToCodonNumeric" "SelacLargeOptimize" 
".Call" "s2c" "kronecker" "words" "which" "FUN" "lapply" "sapply" "FUN" "lapply" "sapply" "t" "DNAbinToCodonNumeric" "SelacLargeOptimize" 
"lapply" "sapply" "FUN" "lapply" "sapply" "t" "DNAbinToCodonNumeric" "SelacLargeOptimize" 
"ConvertCodonNumericDataToAAData" "SelacLargeOptimize" 
"[.data.frame" "[" "ConvertCodonNumericDataToAAData" "SelacLargeOptimize" 
"vapply" "pmin" "seq.default" "seq" "translate" "TranslateCodon" "ConvertCodonNumericDataToAAData" "SelacLargeOptimize" 
"s2c" "kronecker" "words" "n2s" "CodonNumericToString" "s2c" "match" "%in%" "translate" "TranslateCodon" "ConvertCodonNumericDataToAAData" "SelacLargeOptimize" 
"[<-.data.frame" "[<-" "ConvertCodonNumericDataToAAData" "SelacLargeOptimize" 
"matrix" "t" "as.vector" ".kronecker" "kronecker" "words" "n2s" "CodonNumericToString" "s2c" "match" "%in%" "translate" "TranslateCodon" "ConvertCodonNumericDataToAAData" "SelacLargeOptimize" 
"[.data.frame" "[" "n2s" "CodonNumericToString" "s2c" "match" "%in%" "translate" "TranslateCodon" "ConvertCodonNumericDataToAAData" "SelacLargeOptimize" 
"as.array.default" "as.array" ".kronecker" "kronecker" "words" "kronecker" "words" "n2s" "CodonNumericToString" "s2c" "match" "%in%" "translate" "TranslateCodon" "ConvertCodonNumericDataToAAData" "SelacLargeOptimize" 
"[.data.frame" "[" "n2s" "CodonNumericToString" "s2c" "match" "%in%" "translate" "TranslateCodon" "ConvertCodonNumericDataToAAData" "SelacLargeOptimize" 
"as.array" ".kronecker" "kronecker" "words" "n2s" "CodonNumericToString" "s2c" "match" "%in%" "translate" "TranslateCodon" "ConvertCodonNumericDataToAAData" "SelacLargeOptimize" 
"matrix" "t" "as.vector" ".kronecker" "kronecker" "words" "n2s" "CodonNumericToString" "s2c" "match" "%in%" "translate" "TranslateCodon" "ConvertCodonNumericDataToAAData" "SelacLargeOptimize" 
"outer" ".kronecker" "kronecker" "words" "n2s" "CodonNumericToString" "s2c" "match" "%in%" "translate" "TranslateCodon" "ConvertCodonNumericDataToAAData" "SelacLargeOptimize" 
"FUN" "outer" ".kronecker" "kronecker" "words" "kronecker" "words" "n2s" "CodonNumericToString" "s2c" "match" "%in%" "translate" "TranslateCodon" "ConvertCodonNumericDataToAAData" "SelacLargeOptimize" 
"as.vector" ".kronecker" "kronecker" "words" "kronecker" "words" "n2s" "CodonNumericToString" "s2c" "match" "%in%" "translate" "TranslateCodon" "ConvertCodonNumericDataToAAData" "SelacLargeOptimize" 
"[<-.data.frame" "[<-" "ConvertCodonNumericDataToAAData" "SelacLargeOptimize" 
"seq.default" "seq" "translate" "TranslateCodon" "ConvertCodonNumericDataToAAData" "SelacLargeOptimize" 
"match" "%in%" "translate" "TranslateCodon" "ConvertCodonNumericDataToAAData" "SelacLargeOptimize" 
"match" "%in%" "[<-.data.frame" "[<-" "ConvertCodonNumericDataToAAData" "SelacLargeOptimize" 
"FUN" "outer" ".kronecker" "kronecker" "words" "n2s" "CodonNumericToString" "s2c" "match" "%in%" "translate" "TranslateCodon" "ConvertCodonNumericDataToAAData" "SelacLargeOptimize" 
"FUN" "outer" ".kronecker" "kronecker" "words" "n2s" "CodonNumericToString" "s2c" "match" "%in%" "translate" "TranslateCodon" "ConvertCodonNumericDataToAAData" "SelacLargeOptimize" 
"aperm" ".kronecker" "kronecker" "words" "n2s" "CodonNumericToString" "s2c" "match" "%in%" "translate" "TranslateCodon" "ConvertCodonNumericDataToAAData" "SelacLargeOptimize" 
"dim" ".kronecker" "kronecker" "words" "kronecker" "words" "n2s" "CodonNumericToString" "s2c" "match" "%in%" "translate" "TranslateCodon" "ConvertCodonNumericDataToAAData" "SelacLargeOptimize" 
"[.data.frame" "[" "ConvertCodonNumericDataToAAData" "SelacLargeOptimize" 
"s2c" "match" "%in%" "translate" "TranslateCodon" "ConvertCodonNumericDataToAAData" "SelacLargeOptimize" 
"[.data.frame" "[" "ConvertCodonNumericDataToAAData" "SelacLargeOptimize" 
"[.data.frame" "[" "n2s" "CodonNumericToString" "s2c" "match" "%in%" "translate" "TranslateCodon" "ConvertCodonNumericDataToAAData" "SelacLargeOptimize" 
"as.array" ".kronecker" "kronecker" "words" "n2s" "CodonNumericToString" "s2c" "match" "%in%" "translate" "TranslateCodon" "ConvertCodonNumericDataToAAData" "SelacLargeOptimize" 
"seq.default" "seq" "translate" "TranslateCodon" "ConvertCodonNumericDataToAAData" "SelacLargeOptimize" 
"outer" ".kronecker" "kronecker" "words" "n2s" "CodonNumericToString" "s2c" "match" "%in%" "translate" "TranslateCodon" "ConvertCodonNumericDataToAAData" "SelacLargeOptimize" 
".kronecker" "kronecker" "words" "n2s" "CodonNumericToString" "s2c" "match" "%in%" "translate" "TranslateCodon" "ConvertCodonNumericDataToAAData" "SelacLargeOptimize" 
"FUN" "outer" ".kronecker" "kronecker" "words" "n2s" "CodonNumericToString" "s2c" "match" "%in%" "translate" "TranslateCodon" "ConvertCodonNumericDataToAAData" "SelacLargeOptimize" 
"FUN" "outer" ".kronecker" "kronecker" "words" "kronecker" "words" "n2s" "CodonNumericToString" "s2c" "match" "%in%" "translate" "TranslateCodon" "ConvertCodonNumericDataToAAData" "SelacLargeOptimize" 
"$" "s2c" "translate" "TranslateCodon" "ConvertCodonNumericDataToAAData" "SelacLargeOptimize" 
"translate" "TranslateCodon" "ConvertCodonNumericDataToAAData" "SelacLargeOptimize" 
"translate" "TranslateCodon" "ConvertCodonNumericDataToAAData" "SelacLargeOptimize" 
"seq.default" "seq" "translate" "TranslateCodon" "ConvertCodonNumericDataToAAData" "SelacLargeOptimize" 
"%/%" "translate" "TranslateCodon" "ConvertCodonNumericDataToAAData" "SelacLargeOptimize" 
"t" "as.vector" ".kronecker" "kronecker" "words" "kronecker" "words" "n2s" "CodonNumericToString" "s2c" "match" "%in%" "translate" "TranslateCodon" "ConvertCodonNumericDataToAAData" "SelacLargeOptimize" 
"matrix" "t" "as.vector" ".kronecker" "kronecker" "words" "n2s" "CodonNumericToString" "s2c" "match" "%in%" "translate" "TranslateCodon" "ConvertCodonNumericDataToAAData" "SelacLargeOptimize" 
"s2c" "match" "%in%" "translate" "TranslateCodon" "ConvertCodonNumericDataToAAData" "SelacLargeOptimize" 
"[.data.frame" "[" "ConvertCodonNumericDataToAAData" "SelacLargeOptimize" 
"as.array.default" "as.array" ".kronecker" "kronecker" "words" "n2s" "CodonNumericToString" "s2c" "match" "%in%" "translate" "TranslateCodon" "ConvertCodonNumericDataToAAData" "SelacLargeOptimize" 
"[.data.frame" "[" "ConvertCodonNumericDataToAAData" "SelacLargeOptimize" 
"FUN" "outer" ".kronecker" "kronecker" "words" "n2s" "CodonNumericToString" "s2c" "match" "%in%" "translate" "TranslateCodon" "ConvertCodonNumericDataToAAData" "SelacLargeOptimize" 
"NROW" "[<-.data.frame" "[<-" "ConvertCodonNumericDataToAAData" "SelacLargeOptimize" 
"as.array" ".kronecker" "kronecker" "words" "n2s" "CodonNumericToString" "s2c" "match" "%in%" "translate" "TranslateCodon" "ConvertCodonNumericDataToAAData" "SelacLargeOptimize" 
"ConvertCodonNumericDataToAAData" "SelacLargeOptimize" 
"translate" "TranslateCodon" "ConvertCodonNumericDataToAAData" "SelacLargeOptimize" 
"[<-.data.frame" "[<-" "ConvertCodonNumericDataToAAData" "SelacLargeOptimize" 
"[<-" "ConvertCodonNumericDataToAAData" "SelacLargeOptimize" 
"ConvertCodonNumericDataToAAData" "SelacLargeOptimize" 
"FUN" "outer" ".kronecker" "kronecker" "words" "kronecker" "words" "n2s" "CodonNumericToString" "s2c" "match" "%in%" "translate" "TranslateCodon" "ConvertCodonNumericDataToAAData" "SelacLargeOptimize" 
".Call" "s2c" "translate" "TranslateCodon" "ConvertCodonNumericDataToAAData" "SelacLargeOptimize" 
"-" "s2n" "translate" "TranslateCodon" "ConvertCodonNumericDataToAAData" "SelacLargeOptimize" 
"outer" ".kronecker" "kronecker" "words" "kronecker" "words" "n2s" "CodonNumericToString" "s2c" "match" "%in%" "translate" "TranslateCodon" "ConvertCodonNumericDataToAAData" "SelacLargeOptimize" 
"t" "as.vector" ".kronecker" "kronecker" "words" "n2s" "CodonNumericToString" "s2c" "match" "%in%" "translate" "TranslateCodon" "ConvertCodonNumericDataToAAData" "SelacLargeOptimize" 
"sys.call" "match" "%in%" "[<-.data.frame" "[<-" "ConvertCodonNumericDataToAAData" "SelacLargeOptimize" 
"pmin" "seq.default" "seq" "translate" "TranslateCodon" "ConvertCodonNumericDataToAAData" "SelacLargeOptimize" 
"seq.default" "seq" "translate" "TranslateCodon" "ConvertCodonNumericDataToAAData" "SelacLargeOptimize" 
"c" "factor" "table" "FUN" "apply" "SelacLargeOptimize" 
"apply" "SelacLargeOptimize" 
"table" "which.is.max" "FUN" "apply" "SelacLargeOptimize" 
"unique.default" "unique" "factor" "table" "which.is.max" "FUN" "apply" "SelacLargeOptimize" 
"table" "which.is.max" "FUN" "apply" "SelacLargeOptimize" 
"[.data.frame" "[" "CodonEquilibriumFrequencies" "SelacLargeOptimize" 
"[.data.frame" "[" "CodonEquilibriumFrequencies" "SelacLargeOptimize" 
"[.data.frame" "[" "CodonEquilibriumFrequencies" "SelacLargeOptimize" 
"nargs" "[.data.frame" "[" "CodonEquilibriumFrequencies" "SelacLargeOptimize" 
"names" "names" "[.data.frame" "[" "CodonEquilibriumFrequencies" "SelacLargeOptimize" 
"[.data.frame" "[" "CodonEquilibriumFrequencies" "SelacLargeOptimize" 
"match" "%in%" "[.data.frame" "[" "CodonEquilibriumFrequencies" "SelacLargeOptimize" 
".subset" "[.data.frame" "[" "CodonEquilibriumFrequencies" "SelacLargeOptimize" 
"[.data.frame" "[" "CodonEquilibriumFrequencies" "SelacLargeOptimize" 
"[.data.frame" "[" "CodonEquilibriumFrequencies" "SelacLargeOptimize" 
"[.data.frame" "[" "CodonEquilibriumFrequencies" "SelacLargeOptimize" 
"factor" "as.factor" "as.data.frame.matrix" "as.data.frame" "rbind" "rbind" "SelacLargeOptimize" 
"sort.list" "factor" "table" "SitePattern" "SelacLargeOptimize" 
"cbind" "SitePattern" "SelacLargeOptimize" 
"c" "SitePattern" "SelacLargeOptimize" 
"paste" "c2s" "FUN" "lapply" "sapply" "splitseq" "lapply" "sapply" "FUN" "lapply" "sapply" "t" "DNAbinToNucleotideCharacter" "ComputeStartingBranchLengths" "SelacLargeOptimize" 
"lapply" "sapply" "FUN" "lapply" "sapply" "t" "DNAbinToNucleotideCharacter" "ComputeStartingBranchLengths" "SelacLargeOptimize" 
"c2s" "FUN" "lapply" "sapply" "splitseq" "lapply" "sapply" "FUN" "lapply" "sapply" "t" "DNAbinToNucleotideCharacter" "ComputeStartingBranchLengths" "SelacLargeOptimize" 
"unique" "factor" "as.factor" "as.data.frame.matrix" "as.data.frame" "data.frame" "cbind" "DNAbinToNucleotideCharacter" "ComputeStartingBranchLengths" "SelacLargeOptimize" 
"eval" "match.arg" "sort.list" "factor" "as.factor" "as.data.frame.matrix" "as.data.frame" "data.frame" "cbind" "DNAbinToNucleotideCharacter" "ComputeStartingBranchLengths" "SelacLargeOptimize" 
"sort.list" "factor" "as.factor" "as.data.frame.matrix" "as.data.frame" "ComputeStartingBranchLengths" "SelacLargeOptimize" 
"factor" "as.factor" "as.data.frame.matrix" "as.data.frame" "ComputeStartingBranchLengths" "SelacLargeOptimize" 
"rbind" "rbind" "ComputeStartingBranchLengths" "SelacLargeOptimize" 
"is.factor" "unique.default" "unique" "rbind" "rbind" "ComputeStartingBranchLengths" "SelacLargeOptimize" 
"match" "factor" "rbind" "rbind" "ComputeStartingBranchLengths" "SelacLargeOptimize" 
"rbind" "rbind" "ComputeStartingBranchLengths" "SelacLargeOptimize" 
"[<-.factor" "[<-" "rbind" "rbind" "ComputeStartingBranchLengths" "SelacLargeOptimize" 
"[<-" "rbind" "rbind" "ComputeStartingBranchLengths" "SelacLargeOptimize" 
"is.na<-" "as.matrix.data.frame" "as.matrix" "ComputeStartingBranchLengths" "SelacLargeOptimize" 
"FUN" "outer" ".kronecker" "kronecker" "words" "kronecker" "words" "which" "FUN" "lapply" "sapply" "FUN" "lapply" "sapply" "t" "DNAbinToCodonNumeric" "SelacLargeOptimize" 
"outer" ".kronecker" "kronecker" "words" "which" "FUN" "lapply" "sapply" "FUN" "lapply" "sapply" "t" "DNAbinToCodonNumeric" "SelacLargeOptimize" 
"paste" "c2s" "FUN" "lapply" "sapply" "splitseq" "lapply" "sapply" "FUN" "lapply" "sapply" "t" "DNAbinToCodonNumeric" "SelacLargeOptimize" 
"FUN" "outer" ".kronecker" "kronecker" "words" "which" "FUN" "lapply" "sapply" "FUN" "lapply" "sapply" "t" "DNAbinToCodonNumeric" "SelacLargeOptimize" 
"matrix" "t" "as.vector" ".kronecker" "kronecker" "words" "kronecker" "words" "which" "FUN" "lapply" "sapply" "FUN" "lapply" "sapply" "t" "DNAbinToCodonNumeric" "SelacLargeOptimize" 
"which" "FUN" "lapply" "sapply" "FUN" "lapply" "sapply" "t" "DNAbinToCodonNumeric" "SelacLargeOptimize" 
"kronecker" "words" "kronecker" "words" "which" "FUN" "lapply" "sapply" "FUN" "lapply" "sapply" "t" "DNAbinToCodonNumeric" "SelacLargeOptimize" 
"outer" ".kronecker" "kronecker" "words" "which" "FUN" "lapply" "sapply" "FUN" "lapply" "sapply" "t" "DNAbinToCodonNumeric" "SelacLargeOptimize" 
"FUN" "lapply" "sapply" "FUN" "lapply" "sapply" "t" "DNAbinToCodonNumeric" "SelacLargeOptimize" 
"which" "FUN" "lapply" "sapply" "FUN" "lapply" "sapply" "t" "DNAbinToCodonNumeric" "SelacLargeOptimize" 
"matrix" "t" "as.vector" ".kronecker" "kronecker" "words" "kronecker" "words" "which" "FUN" "lapply" "sapply" "FUN" "lapply" "sapply" "t" "DNAbinToCodonNumeric" "SelacLargeOptimize" 
"length" ".kronecker" "kronecker" "words" "which" "FUN" "lapply" "sapply" "FUN" "lapply" "sapply" "t" "DNAbinToCodonNumeric" "SelacLargeOptimize" 
"isS4" "kronecker" "words" "which" "FUN" "lapply" "sapply" "FUN" "lapply" "sapply" "t" "DNAbinToCodonNumeric" "SelacLargeOptimize" 
"as.array.default" "as.array" ".kronecker" "kronecker" "words" "kronecker" "words" "which" "FUN" "lapply" "sapply" "FUN" "lapply" "sapply" "t" "DNAbinToCodonNumeric" "SelacLargeOptimize" 
"FUN" "outer" ".kronecker" "kronecker" "words" "which" "FUN" "lapply" "sapply" "FUN" "lapply" "sapply" "t" "DNAbinToCodonNumeric" "SelacLargeOptimize" 
"FUN" "outer" ".kronecker" "kronecker" "words" "n2s" "CodonNumericToString" "s2c" "match" "%in%" "translate" "TranslateCodon" "ConvertCodonNumericDataToAAData" "SelacLargeOptimize" 
"length" "length" "[.data.frame" "[" "n2s" "CodonNumericToString" "s2c" "match" "%in%" "translate" "TranslateCodon" "ConvertCodonNumericDataToAAData" "SelacLargeOptimize" 
"[<-.data.frame" "[<-" "ConvertCodonNumericDataToAAData" "SelacLargeOptimize" 
"aperm.default" "aperm" ".kronecker" "kronecker" "words" "n2s" "CodonNumericToString" "s2c" "match" "%in%" "translate" "TranslateCodon" "ConvertCodonNumericDataToAAData" "SelacLargeOptimize" 
"t" "as.vector" ".kronecker" "kronecker" "words" "kronecker" "words" "n2s" "CodonNumericToString" "s2c" "match" "%in%" "translate" "TranslateCodon" "ConvertCodonNumericDataToAAData" "SelacLargeOptimize" 
"match" "%in%" "[.data.frame" "[" "n2s" "CodonNumericToString" "s2c" "match" "%in%" "translate" "TranslateCodon" "ConvertCodonNumericDataToAAData" "SelacLargeOptimize" 
"c" "outer" ".kronecker" "kronecker" "words" "kronecker" "words" "n2s" "CodonNumericToString" "s2c" "match" "%in%" "translate" "TranslateCodon" "ConvertCodonNumericDataToAAData" "SelacLargeOptimize" 
"[<-.data.frame" "[<-" "ConvertCodonNumericDataToAAData" "SelacLargeOptimize" 
"[" "ConvertCodonNumericDataToAAData" "SelacLargeOptimize" 
"match" "%in%" "[.data.frame" "[" "ConvertCodonNumericDataToAAData" "SelacLargeOptimize" 
"outer" ".kronecker" "kronecker" "words" "kronecker" "words" "n2s" "CodonNumericToString" "s2c" "match" "%in%" "translate" "TranslateCodon" "ConvertCodonNumericDataToAAData" "SelacLargeOptimize" 
"FUN" "outer" ".kronecker" "kronecker" "words" "n2s" "CodonNumericToString" "s2c" "match" "%in%" "translate" "TranslateCodon" "ConvertCodonNumericDataToAAData" "SelacLargeOptimize" 
"anyNA" "[.data.frame" "[" "n2s" "CodonNumericToString" "s2c" "match" "%in%" "translate" "TranslateCodon" "ConvertCodonNumericDataToAAData" "SelacLargeOptimize" 
"t" "as.vector" ".kronecker" "kronecker" "words" "n2s" "CodonNumericToString" "s2c" "match" "%in%" "translate" "TranslateCodon" "ConvertCodonNumericDataToAAData" "SelacLargeOptimize" 
"words" "kronecker" "words" "n2s" "CodonNumericToString" "s2c" "match" "%in%" "translate" "TranslateCodon" "ConvertCodonNumericDataToAAData" "SelacLargeOptimize" 
"[<-.data.frame" "[<-" "ConvertCodonNumericDataToAAData" "SelacLargeOptimize" 
"tolower" "s2n" "translate" "TranslateCodon" "ConvertCodonNumericDataToAAData" "SelacLargeOptimize" 
"NROW" "[<-.data.frame" "[<-" "ConvertCodonNumericDataToAAData" "SelacLargeOptimize" 
"[.data.frame" "[" "n2s" "CodonNumericToString" "s2c" "match" "%in%" "translate" "TranslateCodon" "ConvertCodonNumericDataToAAData" "SelacLargeOptimize" 
"factor" "s2n" "translate" "TranslateCodon" "ConvertCodonNumericDataToAAData" "SelacLargeOptimize" 
"FUN" "outer" ".kronecker" "kronecker" "words" "n2s" "CodonNumericToString" "s2c" "match" "%in%" "translate" "TranslateCodon" "ConvertCodonNumericDataToAAData" "SelacLargeOptimize" 
"[<-" "ConvertCodonNumericDataToAAData" "SelacLargeOptimize" 
"tolower" "s2n" "translate" "TranslateCodon" "ConvertCodonNumericDataToAAData" "SelacLargeOptimize" 
"aperm" ".kronecker" "kronecker" "words" "n2s" "CodonNumericToString" "s2c" "match" "%in%" "translate" "TranslateCodon" "ConvertCodonNumericDataToAAData" "SelacLargeOptimize" 
"seq" "translate" "TranslateCodon" "ConvertCodonNumericDataToAAData" "SelacLargeOptimize" 
"match" "factor" "s2n" "translate" "TranslateCodon" "ConvertCodonNumericDataToAAData" "SelacLargeOptimize" 
"[.data.frame" "[" "n2s" "CodonNumericToString" "s2c" "match" "%in%" "translate" "TranslateCodon" "ConvertCodonNumericDataToAAData" "SelacLargeOptimize" 
"TranslateCodon" "ConvertCodonNumericDataToAAData" "SelacLargeOptimize" 
"[.data.frame" "[" "n2s" "CodonNumericToString" "s2c" "match" "%in%" "translate" "TranslateCodon" "ConvertCodonNumericDataToAAData" "SelacLargeOptimize" 
"FUN" "outer" ".kronecker" "kronecker" "words" "n2s" "CodonNumericToString" "s2c" "match" "%in%" "translate" "TranslateCodon" "ConvertCodonNumericDataToAAData" "SelacLargeOptimize" 
"[<-.data.frame" "[<-" "ConvertCodonNumericDataToAAData" "SelacLargeOptimize" 
"FUN" "outer" ".kronecker" "kronecker" "words" "n2s" "CodonNumericToString" "s2c" "match" "%in%" "translate" "TranslateCodon" "ConvertCodonNumericDataToAAData" "SelacLargeOptimize" 
"[" "ConvertCodonNumericDataToAAData" "SelacLargeOptimize" 
"s2c" "translate" "TranslateCodon" "ConvertCodonNumericDataToAAData" "SelacLargeOptimize" 
"translate" "TranslateCodon" "ConvertCodonNumericDataToAAData" "SelacLargeOptimize" 
"[<-.data.frame" "[<-" "ConvertCodonNumericDataToAAData" "SelacLargeOptimize" 
"FUN" "outer" ".kronecker" "kronecker" "words" "n2s" "CodonNumericToString" "s2c" "match" "%in%" "translate" "TranslateCodon" "ConvertCodonNumericDataToAAData" "SelacLargeOptimize" 
"match.fun" "outer" ".kronecker" "kronecker" "words" "n2s" "CodonNumericToString" "s2c" "match" "%in%" "translate" "TranslateCodon" "ConvertCodonNumericDataToAAData" "SelacLargeOptimize" 
"words" "n2s" "CodonNumericToString" "s2c" "match" "%in%" "translate" "TranslateCodon" "ConvertCodonNumericDataToAAData" "SelacLargeOptimize" 
"translate" "TranslateCodon" "ConvertCodonNumericDataToAAData" "SelacLargeOptimize" 
"[<-.data.frame" "[<-" "ConvertCodonNumericDataToAAData" "SelacLargeOptimize" 
"[<-.data.frame" "[<-" "ConvertCodonNumericDataToAAData" "SelacLargeOptimize" 
"[<-.data.frame" "[<-" "ConvertCodonNumericDataToAAData" "SelacLargeOptimize" 
"[<-.data.frame" "[<-" "ConvertC